<?xml version="1.0" encoding="UTF-8"?>
<testsuite xmlns:xsi="http://www.w3.org/2001/XMLSchema-instance" xsi:noNamespaceSchemaLocation="https://maven.apache.org/surefire/maven-surefire-plugin/xsd/surefire-test-report-3.0.xsd" version="3.0" name="com.example.camundaExchange.configuration.AppConfigIntegrationTest" time="1.042" tests="1" errors="0" skipped="0" failures="0">
  <properties>
[...]
</properties>
  <testcase name="should_register_beans_and_record_initialization_metrics" classname="com.example.camundaExchange.configuration.AppConfigIntegrationTest" time="0.458">
    <system-out><![CDATA[
 ____                                 _         ____  _       _    __                      
/ ___| __ _ _ __ ___  _   _ _ __   __| | __ _  |  _ \| | __ _| |_ / _| ___  _ __ _ __ ___  
| |   / _` | '_ ` _ \| | | | '_ \ / _` |/ _` | | |_) | |/ _` | __| |_ / _ \| '__| '_ ` _ \ 
| |__| (_| | | | | | | |_| | | | | (_| | (_| | |  __/| | (_| | |_|  _| (_) | |  | | | | | |
\____/\__,_|_| |_| |_|\__,_|_| |_|\__,_|\__,_| |_|   |_|\__,_|\__|_|  \___/|_|  |_| |_| |_|

  Spring-Boot:  (v3.2.1)
  Camunda Platform: (v7.22.0)
  Camunda Platform Spring Boot Starter: (v7.22.0)

2025-08-16T17:57:51.878Z  INFO 2747 --- [camunda-json-export] [           main] c.e.c.c.AppConfigIntegrationTest         : Starting AppConfigIntegrationTest using Java 21.0.7 with PID 2747 (started by ubuntu in /workspace)
2025-08-16T17:57:51.882Z  INFO 2747 --- [camunda-json-export] [           main] c.e.c.c.AppConfigIntegrationTest         : No active profile set, falling back to 1 default profile: "default"
2025-08-16T17:57:52.016Z  WARN 2747 --- [camunda-json-export] [           main] trationDelegate$BeanPostProcessorChecker : Bean 'testConfig' of type [com.example.camundaExchange.configuration.TestConfig$$SpringCGLIB$$0] is not eligible for getting processed by all BeanPostProcessors (for example: not eligible for auto-proxying). Is this bean getting eagerly injected into a currently created BeanPostProcessor [beanInitializationMetricsPostProcessor]? Check the corresponding BeanPostProcessor declaration and its dependencies.
2025-08-16T17:57:52.036Z  WARN 2747 --- [camunda-json-export] [           main] trationDelegate$BeanPostProcessorChecker : Bean 'simpleMeterRegistry' of type [io.micrometer.core.instrument.simple.SimpleMeterRegistry] is not eligible for getting processed by all BeanPostProcessors (for example: not eligible for auto-proxying). Is this bean getting eagerly injected into a currently created BeanPostProcessor [beanInitializationMetricsPostProcessor]? Check the corresponding BeanPostProcessor declaration and its dependencies.
2025-08-16T17:57:52.118Z  INFO 2747 --- [camunda-json-export] [           main] c.e.c.c.AppConfigIntegrationTest         : Started AppConfigIntegrationTest in 0.383 seconds (process running for 0.875)
Bean init times: liquibaseChangeLog=5.662 ms, restTemplate=0.186 ms
]]></system-out>
    <system-err><![CDATA[WARNING: A Java agent has been loaded dynamically (/home/ubuntu/.m2/repository/net/bytebuddy/byte-buddy-agent/1.14.10/byte-buddy-agent-1.14.10.jar)
WARNING: If a serviceability tool is in use, please run with -XX:+EnableDynamicAgentLoading to hide this warning
WARNING: If a serviceability tool is not in use, please run with -Djdk.instrument.traceUsage for more information
WARNING: Dynamic loading of agents will be disallowed by default in a future release
]]></system-err>
  </testcase>
</testsuite>