<?xml version="1.0" encoding="UTF-8"?>
<testsuite xmlns:xsi="http://www.w3.org/2001/XMLSchema-instance" xsi:noNamespaceSchemaLocation="https://maven.apache.org/surefire/maven-surefire-plugin/xsd/surefire-test-report-3.0.xsd" version="3.0" name="com.example.camundaExchange.RestTemplateIntegrationMetricsIT" time="2.25" tests="2" errors="0" skipped="0" failures="0">
  <properties>
[...]
</properties>
  <testcase name="measureDefaultVsPooledRestTemplateUnderLoad" classname="com.example.camundaExchange.RestTemplateIntegrationMetricsIT" time="1.343">
    <system-out><![CDATA[17:56:11.357 [main] INFO com.example.camundaExchange.RestTemplateIntegrationMetricsIT -- Default RestTemplate -> totalMs=247, avgMs=53.265, p95Ms=118, okCount=200
17:56:11.359 [main] INFO com.example.camundaExchange.RestTemplateIntegrationMetricsIT -- Pooled  RestTemplate -> totalMs=235, avgMs=49.25, p95Ms=79, okCount=200
]]></system-out>
    <system-err><![CDATA[WARNING: A Java agent has been loaded dynamically (/home/ubuntu/.m2/repository/net/bytebuddy/byte-buddy-agent/1.14.10/byte-buddy-agent-1.14.10.jar)
WARNING: If a serviceability tool is in use, please run with -XX:+EnableDynamicAgentLoading to hide this warning
WARNING: If a serviceability tool is not in use, please run with -Djdk.instrument.traceUsage for more information
WARNING: Dynamic loading of agents will be disallowed by default in a future release
]]></system-err>
  </testcase>
  <testcase name="measureLiquibaseChangeLogBeanRetrieval" classname="com.example.camundaExchange.RestTemplateIntegrationMetricsIT" time="0.017">
    <system-out><![CDATA[17:56:11.384 [main] INFO com.example.camundaExchange.RestTemplateIntegrationMetricsIT -- Liquibase bean retrieval -> iterations=100000, totalMs=14, avgNsPerOp=145.27044
]]></system-out>
  </testcase>
</testsuite>